<?xml version="1.0" encoding="UTF-8"?>
<!-- Generated by org.testng.reporters.JUnitXMLReporter -->
<testsuite ignored="0" hostname="DESKTOP-01PG47M" failures="1" tests="2" name="Amazon Automation Test Script using chrome" time="32.572" errors="0" timestamp="2021-03-16T00:02:55 EDT">
  <testcase classname="homepagetest.HomePageTest" name="testSearchBox" time="8.479"/>
  <testcase classname="homepagetest.HomePageTest" name="testSearchBox1" time="9.687">
    <failure type="java.lang.AssertionError" message="Product does not match expected [&amp;quot;Mask1&amp;quot;] but found [&amp;quot;Mask&amp;quot;]">
      <![CDATA[java.lang.AssertionError: Product does not match expected ["Mask1"] but found ["Mask"]
at homepagetest.HomePageTest.testSearchBox1(HomePageTest.java:40)
at java.base/java.util.ArrayList.forEach(ArrayList.java:1541)
... Removed 35 stack frames]]>
    </failure>
  </testcase> <!-- testSearchBox1 -->
</testsuite> <!-- Amazon Automation Test Script using chrome -->
